Change Component Footprint: Designator=R23 Old Footprint=RES_10W New Footprint=R1/4W
Change Component Comment : Designator=R23 Old Comment=RES2 New Comment=1k
Change component parameters: Designator = "R23" ("R23"); Footprint = "RES_10W"; UniqueID = "\CWVKEMVP" ("\CWVKEMVP")
Change component parameters (AddParameter): Name = "Value"; Value = "R1/4W - 1K"; VariantName = "[No Variations]"
Added Pin To Net: NetName=GND Pin=C3-1
Added Pin To Net: NetName=NetC3_2 Pin=C3-2
Added Pin To Net: NetName=NetC4_1 Pin=C4-1
Added Pin To Net: NetName=GND Pin=C4-2
Added Pin To Net: NetName=NetC5_1 Pin=C5-1
Added Pin To Net: NetName=NetC5_2 Pin=C5-2
Added Pin To Net: NetName=NetC7_1 Pin=C7-1
Added Pin To Net: NetName=GND Pin=C7-2
Added Pin To Net: NetName=NetC8_1 Pin=C8-1
Added Pin To Net: NetName=NetC5_2 Pin=C8-2
Added Pin To Net: NetName=NetC11_1 Pin=C11-1
Added Pin To Net: NetName=NetC11_2 Pin=C11-2
Added Pin To Net: NetName=GND Pin=C12-1
Added Pin To Net: NetName=NetC12_2 Pin=C12-2
Added Pin To Net: NetName=NetC16_1 Pin=C16-1
Added Pin To Net: NetName=NetC16_2 Pin=C16-2
Added Pin To Net: NetName=NetD1_1 Pin=D1-1
Added Pin To Net: NetName=NetC11_1 Pin=D1-2
Added Pin To Net: NetName=NetC11_1 Pin=D3-1
Added Pin To Net: NetName=NetD3_2 Pin=D3-2
Added Pin To Net: NetName=NetD4_1 Pin=D4-1
Added Pin To Net: NetName=NetD4_2 Pin=D4-2
Added Pin To Net: NetName=NetD5_1 Pin=D5-1
Added Pin To Net: NetName=NetD4_2 Pin=D5-2
Added Pin To Net: NetName=NetD8_1 Pin=D8-1
Added Pin To Net: NetName=NetC9_2 Pin=D8-2
Added Pin To Net: NetName=NetC9_2 Pin=ESP8266?-8
Added Pin To Net: NetName=GND Pin=ESP8266?-9
Added Pin To Net: NetName=NetC7_1 Pin=ESP8266?-10
Added Pin To Net: NetName=NetESP8266?_11 Pin=ESP8266?-11
Added Pin To Net: NetName=NetD4_2 Pin=ESP8266?-12
Added Pin To Net: NetName=NetESP8266?_13 Pin=ESP8266?-13
Added Pin To Net: NetName=NetC5_2 Pin=IC3-1
Added Pin To Net: NetName=NetC5_1 Pin=IC3-2
Added Pin To Net: NetName=NetIC3_3 Pin=IC3-3
Added Pin To Net: NetName=NetC11_2 Pin=IC4-1
Added Pin To Net: NetName=NetC11_1 Pin=IC4-2
Added Pin To Net: NetName=NetC11_1 Pin=IC4-3
Added Pin To Net: NetName=NetD4_1 Pin=IC5-1
Added Pin To Net: NetName=NetIC5_2 Pin=IC5-2
Added Pin To Net: NetName=NetC11_2 Pin=IC5-3
Added Pin To Net: NetName=NetC9_2 Pin=IC5-4
Added Pin To Net: NetName=GND Pin=IC5-11
Added Pin To Net: NetName=NetD5_1 Pin=IC6-1
Added Pin To Net: NetName=NetC11_2 Pin=IC6-2
Added Pin To Net: NetName=NetD3_2 Pin=IC6-3
Added Pin To Net: NetName=NetK1_4 Pin=K1-4
Added Pin To Net: NetName=NetK1_4 Pin=K1-5
Added Pin To Net: NetName=NetD4_2 Pin=Q1-1
Added Pin To Net: NetName=NetQ1_2 Pin=Q1-2
Added Pin To Net: NetName=GND Pin=Q1-3
Added Pin To Net: NetName=NetQ2_1 Pin=Q2-1
Added Pin To Net: NetName=NetESP8266?_11 Pin=Q2-2
Added Pin To Net: NetName=GND Pin=Q2-3
Added Pin To Net: NetName=GND Pin=Q?-1
Added Pin To Net: NetName=NetQ?_2 Pin=Q?-2
Added Pin To Net: NetName=NetD8_1 Pin=Q?-3
Added Pin To Net: NetName=GND Pin=R1-1
Added Pin To Net: NetName=NetIC3_3 Pin=R1-2
Added Pin To Net: NetName=NetC3_2 Pin=R2-1
Added Pin To Net: NetName=NetC5_1 Pin=R2-2
Added Pin To Net: NetName=NetC5_1 Pin=R3-1
Added Pin To Net: NetName=NetC5_2 Pin=R3-2
Added Pin To Net: NetName=NetC4_1 Pin=R4-1
Added Pin To Net: NetName=NetIC5_2 Pin=R4-2
Added Pin To Net: NetName=NetC8_1 Pin=R5-1
Added Pin To Net: NetName=NetC11_1 Pin=R5-2
Added Pin To Net: NetName=NetC11_1 Pin=R6-1
Added Pin To Net: NetName=NetC11_2 Pin=R6-2
Added Pin To Net: NetName=GND Pin=R7-1
Added Pin To Net: NetName=NetD3_2 Pin=R7-2
Added Pin To Net: NetName=NetD1_1 Pin=R8-1
Added Pin To Net: NetName=NetIC5_2 Pin=R8-2
Added Pin To Net: NetName=GND Pin=R9-1
Added Pin To Net: NetName=NetD4_2 Pin=R9-2
Added Pin To Net: NetName=NetQ1_2 Pin=R11-1
Added Pin To Net: NetName=NetC9_2 Pin=R11-2
Added Pin To Net: NetName=NetC16_1 Pin=R17-1
Added Pin To Net: NetName=NetIC5_2 Pin=R17-2
Added Pin To Net: NetName=NetR19_1 Pin=R19-1
Added Pin To Net: NetName=NetQ2_1 Pin=R19-2
Added Pin To Net: NetName=NetESP8266?_11 Pin=R20-1
Added Pin To Net: NetName=NetC19_2 Pin=R20-2
Added Pin To Net: NetName=NetC19_2 Pin=R21-2
Added Pin To Net: NetName=NetESP8266?_13 Pin=R23-1
Added Pin To Net: NetName=NetQ?_2 Pin=R23-2
Added Pin To Net: NetName=NetC12_2 Pin=R24-1
Added Pin To Net: NetName=NetIC5_2 Pin=R24-2
Added Pin To Net: NetName=NetC7_1 Pin=SW2-1
Added Pin To Net: NetName=GND Pin=SW2-2
Added Pin To Net: NetName=NetQ1_2 Pin=U2-1
Added Pin To Net: NetName=NetD4_2 Pin=U2-2
Added Pin To Net: NetName=NetR19_1 Pin=U2-4
Added Pin To Net: NetName=NetC16_2 Pin=U2-6
Added Pin To Net: NetName=NetC16_1 Pin=U2-7
Added Pin To Net: NetName=NetC12_2 Pin=U2-8
Added Pin To Net: NetName=NetIC5_2 Pin=U2-16
Added Pin To Net: NetName=NetC4_1 Pin=U-1
Added Pin To Net: NetName=NetIC3_3 Pin=U-2
Added Pin To Net: NetName=GND Pin=U-3
Added Member To Class: ClassName=Schematic Member=Component C3 100pF
Added Member To Class: ClassName=Schematic Member=Component C4 10uF
Added Member To Class: ClassName=Schematic Member=Component C5 100pF
Added Member To Class: ClassName=Schematic Member=Component C7 1000uF/16V
Added Member To Class: ClassName=Schematic Member=Component C8 100pF
Added Member To Class: ClassName=Schematic Member=Component C11 100pF
Added Member To Class: ClassName=Schematic Member=Component C12 474
Added Member To Class: ClassName=Schematic Member=Component C16 103
Added Member To Class: ClassName=Schematic Member=Component D1 1N4007
Added Member To Class: ClassName=Schematic Member=Component D3 1N4007
Added Member To Class: ClassName=Schematic Member=Component D4 1N4007
Added Member To Class: ClassName=Schematic Member=Component D5 1N4007
Added Member To Class: ClassName=Schematic Member=Component D8 Diode
Added Member To Class: ClassName=Schematic Member=Component ESP8266? ESP8266_07
Added Member To Class: ClassName=Schematic Member=Component IC3 LM324
Added Member To Class: ClassName=Schematic Member=Component IC4 LM324
Added Member To Class: ClassName=Schematic Member=Component IC5 LM324
Added Member To Class: ClassName=Schematic Member=Component IC6 LM324
Added Member To Class: ClassName=Schematic Member=Component K1 Relay
Added Member To Class: ClassName=Schematic Member=Component Q1 NMOS-2
Added Member To Class: ClassName=Schematic Member=Component Q2 NMOS-2
Added Member To Class: ClassName=Schematic Member=Component Q? TRANZITOR 2SC828
Added Member To Class: ClassName=Schematic Member=Component R1 100k
Added Member To Class: ClassName=Schematic Member=Component R2 1k
Added Member To Class: ClassName=Schematic Member=Component R3 1k
Added Member To Class: ClassName=Schematic Member=Component R4 10k
Added Member To Class: ClassName=Schematic Member=Component R5 1k
Added Member To Class: ClassName=Schematic Member=Component R6 1k
Added Member To Class: ClassName=Schematic Member=Component R7 1k
Added Member To Class: ClassName=Schematic Member=Component R8 1k
Added Member To Class: ClassName=Schematic Member=Component R9 1k
Added Member To Class: ClassName=Schematic Member=Component R11 1k
Added Member To Class: ClassName=Schematic Member=Component R17 1k
Added Member To Class: ClassName=Schematic Member=Component R19 1k
Added Member To Class: ClassName=Schematic Member=Component R20 1k
Added Member To Class: ClassName=Schematic Member=Component R21 47/2W
Added Member To Class: ClassName=Schematic Member=Component R23 1k
Added Member To Class: ClassName=Schematic Member=Component R24 1k
Added Member To Class: ClassName=Schematic Member=Component SW2 SW
Added Member To Class: ClassName=Schematic Member=Component U2 74HC123
Added Member To Class: ClassName=Schematic Member=Component U LHI778
