Removed Pin From Net: NetName=NetC11_2 Pin=IC4-1
Removed Pin From Net: NetName=NetC11_1 Pin=IC4-2
Removed Pin From Net: NetName=NetC11_1 Pin=IC4-3
Removed Pin From Net: NetName=NetD4_1 Pin=IC5-1
Removed Pin From Net: NetName=NetIC5_2 Pin=IC5-2
Removed Pin From Net: NetName=NetC11_2 Pin=IC5-3
Removed Pin From Net: NetName=NetC9_2 Pin=IC5-4
Removed Pin From Net: NetName=GND Pin=IC5-11
Removed Pin From Net: NetName=NetD5_1 Pin=IC6-1
Removed Pin From Net: NetName=NetC11_2 Pin=IC6-2
Removed Pin From Net: NetName=NetD3_2 Pin=IC6-3
Removed Member From Class: ClassName=Schematic Member=IC5
Removed Member From Class: ClassName=Schematic Member=IC6
Change Component Footprint: Designator=IC3 Old Footprint=DIP14/W0.3 New Footprint=DIP14
Change Component Footprint: Designator=IC4 Old Footprint=DIP14/W0.3 New Footprint=DIP14
Added Pin To Net: NetName=NetC9_2 Pin=IC3-4
Added Pin To Net: NetName=NetC11_1 Pin=IC3-5
Added Pin To Net: NetName=NetC11_1 Pin=IC3-6
Added Pin To Net: NetName=NetC11_2 Pin=IC3-7
Added Pin To Net: NetName=NetD4_1 Pin=IC3-8
Added Pin To Net: NetName=NetC11_2 Pin=IC3-9
Added Pin To Net: NetName=NetIC5_2 Pin=IC3-10
Added Pin To Net: NetName=GND Pin=IC3-11
Added Pin To Net: NetName=NetC11_2 Pin=IC4-12
Added Pin To Net: NetName=NetD3_2 Pin=IC4-13
Added Pin To Net: NetName=NetD5_1 Pin=IC4-14
Change Net Name : Old Net Name=NetIC5_2 New Net Name=NetIC3_10
